0	1	mikroCPIC32.exe -MSF -DBG -pP32MX795F512L -C -DL -SSA -EBASE 0x9FC01000 -INTDEF MV_SRS0_IS32 -O11111115 -fo80 -N"D:\Clicks_git\K\Knob_G_Click\SW\example\c\PIC32\Click_KnobG_PIC32.mcp32" -SP"C:\Users\Public\Documents\Mikroelektronika\mikroC PRO for PIC32\Defs\" -SP"C:\Users\Public\Documents\Mikroelektronika\mikroC PRO for PIC32\Uses\" -SP"D:\Clicks_git\K\Knob_G_Click\SW\example\c\PIC32\" -SP"D:\Clicks_git\K\Knob_G_Click\SW\library\HAL\" -SP"D:\Clicks_git\K\Knob_G_Click\SW\library\" -IP"C:\Users\Public\Documents\Mikroelektronika\mikroC PRO for PIC32\Uses\" -IP"D:\Clicks_git\K\Knob_G_Click\SW\example\c\PIC32\" -IP"D:\Clicks_git\K\Knob_G_Click\SW\library\" -IP"D:\Clicks_git\K\Knob_G_Click\SW\library\HAL\" "Click_KnobG_PIC32.c" "__knobg_Driver.c" "__Lib_CP0.emcl" "__Lib_Math.emcl" "__Lib_MathDouble.emcl" "__Lib_System.emcl" "__Lib_SoftResetDma.emcl" "__Lib_Delays.emcl" "__Lib_CString.emcl" "__Lib_Conversions.emcl" "__Lib_I2C_12345.emcl" "__Lib_UART_123456.emcl" "Click_KnobG.pld"	 
diagnostics: 0	122	Compilation Started	P32MX795F512L.c
diagnostics: 39364	123	Compiled Successfully	P32MX795F512L.c
diagnostics: 0	122	Compilation Started	__Lib_Delays.c
diagnostics: 176	123	Compiled Successfully	__Lib_Delays.c
diagnostics: 0	122	Compilation Started	Click_KnobG_PIC32.c
diagnostics: 147	123	Compiled Successfully	Click_KnobG_PIC32.c
diagnostics: 0	122	Compilation Started	stdint.h
diagnostics: 177	123	Compiled Successfully	__knobg_Driver.c
hint: 323	1164	Variable 'tmp' has been eliminated by optimizer	__knobg_Driver.c
hint: 95	1164	Variable 'tmp' has been eliminated by optimizer	__knobg_Driver.c
diagnostics: 0	127	All files Compiled in 125 ms	 
hint: 0	1144	Used RX: 13 (41%)   Free RX: 19 (59%)	Used RX: 13 (41%)   Free RX: 19 (59%)
hint: 0	1144	Static RAM (bytes): 40   Dynamic RAM (bytes): 131029	Static RAM (bytes): 40   Dynamic RAM (bytes): 131029
hint: 0	1144	Used ROM (bytes): 2260 (0%)  Free ROM (bytes): 522028 (100%)	Used ROM (bytes): 2260 (0%)  Free ROM (bytes): 522028 (100%)
hint: 0	1144	Used BOOTROM (bytes): 320 (3%)  Free BOOTROM (bytes): 11953 (97%)	Used BOOTROM (bytes): 320 (3%)  Free BOOTROM (bytes): 11953 (97%)
diagnostics: 0	125	Project Linked Successfully	Click_KnobG_PIC32.mcp32
diagnostics: 0	128	Linked in 203 ms	 
diagnostics: 0	129	Project 'Click_KnobG_PIC32.mcp32' completed: 1109 ms	 
diagnostics: 0	103	Finished successfully: 12 okt 2018, 11:13:09	Click_KnobG_PIC32.mcp32
