;  LST file generated by mikroListExporter - v.2.0 
; Date/Time: 12.10.2018. 11:13:09
;----------------------------------------------

;Address Opcode 	ASM
____SysVT:
0x9FC01180	0x0B400170  J	___GenExcept
0x9FC01184	0x70000000  NOP	
; end of ____SysVT
____BootVT:
0xBFC00380	0x3C1E9D00  LUI	R30, 40192
0xBFC00384	0x37DE05D8  ORI	R30, R30, 1496
0xBFC00388	0x03C00008  JR	R30
0xBFC0038C	0x70000000  NOP	
; end of ____BootVT
_main:
;Click_KnobG_PIC32.c, 80 :: 		void main()
0x9D0005F0	0x0F400229  JAL	2634025124
0x9D0005F4	0x70000000  NOP	
0x9D0005F8	0x0F400207  JAL	2634024988
0x9D0005FC	0x70000000  NOP	
;Click_KnobG_PIC32.c, 82 :: 		MCU_Init();
0x9D000600	0x0F400107  JAL	_MCU_Init+0
0x9D000604	0x70000000  NOP	
;Click_KnobG_PIC32.c, 83 :: 		Rst_Chip();
0x9D000608	0x0F400149  JAL	_Rst_Chip+0
0x9D00060C	0x70000000  NOP	
;Click_KnobG_PIC32.c, 85 :: 		OE = 0;
0x9D000610	0x34020001  ORI	R2, R0, 1
0x9D000614	0x3C1EBF88  LUI	R30, 49032
0x9D000618	0xAFC260E4  SW	R2, 24804(R30)
;Click_KnobG_PIC32.c, 86 :: 		val = 0x00;
0x9D00061C	0xA0208025  SB	R0, Offset(_val+0)(GP)
;Click_KnobG_PIC32.c, 87 :: 		mode = 10;
0x9D000620	0x3402000A  ORI	R2, R0, 10
0x9D000624	0xA0228024  SB	R2, Offset(_mode+0)(GP)
;Click_KnobG_PIC32.c, 89 :: 		while (1)
L_main4:
;Click_KnobG_PIC32.c, 91 :: 		if (SW_pin != 0)
0x9D000628	0x3C1EBF88  LUI	R30, 49032
0x9D00062C	0x93C26111  LBU	R2, 24849(R30)
0x9D000630	0x7C420000  EXT	R2, R2, 0, 1
0x9D000634	0x10400001  BEQ	R2, R0, L_main6
0x9D000638	0x70000000  NOP	
L__main26:
;Click_KnobG_PIC32.c, 94 :: 		}
L_main6:
;Click_KnobG_PIC32.c, 97 :: 		if ( ENA == ENB )
0x9D00063C	0x3C1EBF88  LUI	R30, 49032
0x9D000640	0x93C26090  LBU	R2, 24720(R30)
0x9D000644	0x7C430080  EXT	R3, R2, 2, 1
0x9D000648	0x3C1EBF88  LUI	R30, 49032
0x9D00064C	0x93C26051  LBU	R2, 24657(R30)
0x9D000650	0x7C420000  EXT	R2, R2, 0, 1
0x9D000654	0x14430015  BNE	R2, R3, L_main7
0x9D000658	0x70000000  NOP	
L__main27:
;Click_KnobG_PIC32.c, 99 :: 		stateOldRotate = 0;
0x9D00065C	0x90228026  LBU	R2, Offset(_stateOldRotate+0)(GP)
0x9D000660	0x7C020004  INS	R2, R0, 0, 1
0x9D000664	0xA0228026  SB	R2, Offset(_stateOldRotate+0)(GP)
;Click_KnobG_PIC32.c, 100 :: 		startStatus = ENA && ENB;
0x9D000668	0x3C1EBF88  LUI	R30, 49032
0x9D00066C	0x93C26051  LBU	R2, 24657(R30)
0x9D000670	0x7C420000  EXT	R2, R2, 0, 1
0x9D000674	0x10400008  BEQ	R2, R0, L_main9
0x9D000678	0x70000000  NOP	
L__main29:
0x9D00067C	0x3C1EBF88  LUI	R30, 49032
0x9D000680	0x93C26090  LBU	R2, 24720(R30)
0x9D000684	0x7C420080  EXT	R2, R2, 2, 1
0x9D000688	0x10400003  BEQ	R2, R0, L_main9
0x9D00068C	0x70000000  NOP	
L__main31:
0x9D000690	0x0B4001A7  J	L_main8
0x9D000694	0x34030001  ORI	R3, R0, 1
L_main9:
0x9D000698	0x0000180A  MOVZ	R3, R0, R0
L_main8:
0x9D00069C	0x90228026  LBU	R2, Offset(_startStatus+0)(GP)
0x9D0006A0	0x7C621084  INS	R2, R3, 2, 1
;Click_KnobG_PIC32.c, 101 :: 		}
0x9D0006A4	0x0B4001DA  J	L_main10
0x9D0006A8	0xA0228026  SB	R2, Offset(_startStatus+0)(GP)
L_main7:
;Click_KnobG_PIC32.c, 104 :: 		stateNewRotate = 1;
0x9D0006AC	0x90228026  LBU	R2, Offset(_stateNewRotate+0)(GP)
0x9D0006B0	0x34420002  ORI	R2, R2, 0x0002
0x9D0006B4	0xA0228026  SB	R2, Offset(_stateNewRotate+0)(GP)
;Click_KnobG_PIC32.c, 105 :: 		if ( stateNewRotate != stateOldRotate )
0x9D0006B8	0x90228026  LBU	R2, Offset(_stateOldRotate+0)(GP)
0x9D0006BC	0x7C430000  EXT	R3, R2, 0, 1
0x9D0006C0	0x90228026  LBU	R2, Offset(_stateNewRotate+0)(GP)
0x9D0006C4	0x7C420040  EXT	R2, R2, 1, 1
0x9D0006C8	0x10430027  BEQ	R2, R3, L_main11
0x9D0006CC	0x70000000  NOP	
L__main33:
;Click_KnobG_PIC32.c, 107 :: 		stateOldRotate = 1;
0x9D0006D0	0x90228026  LBU	R2, Offset(_stateOldRotate+0)(GP)
0x9D0006D4	0x34420001  ORI	R2, R2, 0x0001
0x9D0006D8	0xA0228026  SB	R2, Offset(_stateOldRotate+0)(GP)
;Click_KnobG_PIC32.c, 108 :: 		if ( startStatus == ENA )
0x9D0006DC	0x3C1EBF88  LUI	R30, 49032
0x9D0006E0	0x93C26051  LBU	R2, 24657(R30)
0x9D0006E4	0x7C430000  EXT	R3, R2, 0, 1
0x9D0006E8	0x90228026  LBU	R2, Offset(_startStatus+0)(GP)
0x9D0006EC	0x7C420080  EXT	R2, R2, 2, 1
0x9D0006F0	0x14430010  BNE	R2, R3, L_main12
0x9D0006F4	0x70000000  NOP	
L__main34:
;Click_KnobG_PIC32.c, 110 :: 		dir = 1;
0x9D0006F8	0x34020001  ORI	R2, R0, 1
0x9D0006FC	0xA022800F  SB	R2, Offset(_dir+0)(GP)
;Click_KnobG_PIC32.c, 111 :: 		prevpos = pos;
0x9D000700	0x8022800D  LB	R2, Offset(_pos+0)(GP)
0x9D000704	0xA022800C  SB	R2, Offset(_prevpos+0)(GP)
;Click_KnobG_PIC32.c, 112 :: 		pos++;
0x9D000708	0x8022800D  LB	R2, Offset(_pos+0)(GP)
0x9D00070C	0x24420001  ADDIU	R2, R2, 1
0x9D000710	0xA022800D  SB	R2, Offset(_pos+0)(GP)
;Click_KnobG_PIC32.c, 113 :: 		if (pos > 24)
0x9D000714	0x7C021420  SEB	R2, R2
0x9D000718	0x28420019  SLTI	R2, R2, 25
0x9D00071C	0x14400003  BNE	R2, R0, L_main13
0x9D000720	0x70000000  NOP	
L__main35:
;Click_KnobG_PIC32.c, 115 :: 		pos = 1;
0x9D000724	0x34020001  ORI	R2, R0, 1
0x9D000728	0xA022800D  SB	R2, Offset(_pos+0)(GP)
;Click_KnobG_PIC32.c, 116 :: 		}
L_main13:
;Click_KnobG_PIC32.c, 117 :: 		}
0x9D00072C	0x0B4001DA  J	L_main14
0x9D000730	0x70000000  NOP	
L_main12:
;Click_KnobG_PIC32.c, 120 :: 		dir = -1;
0x9D000734	0x340200FF  ORI	R2, R0, 255
0x9D000738	0xA022800F  SB	R2, Offset(_dir+0)(GP)
;Click_KnobG_PIC32.c, 121 :: 		prevpos = pos;
0x9D00073C	0x8022800D  LB	R2, Offset(_pos+0)(GP)
0x9D000740	0xA022800C  SB	R2, Offset(_prevpos+0)(GP)
;Click_KnobG_PIC32.c, 122 :: 		pos--;
0x9D000744	0x8022800D  LB	R2, Offset(_pos+0)(GP)
0x9D000748	0x2442FFFF  ADDIU	R2, R2, -1
0x9D00074C	0xA022800D  SB	R2, Offset(_pos+0)(GP)
;Click_KnobG_PIC32.c, 123 :: 		if (pos < 1)
0x9D000750	0x7C021420  SEB	R2, R2
0x9D000754	0x28420001  SLTI	R2, R2, 1
0x9D000758	0x10400003  BEQ	R2, R0, L_main15
0x9D00075C	0x70000000  NOP	
L__main36:
;Click_KnobG_PIC32.c, 125 :: 		pos = 24;
0x9D000760	0x34020018  ORI	R2, R0, 24
0x9D000764	0xA022800D  SB	R2, Offset(_pos+0)(GP)
;Click_KnobG_PIC32.c, 126 :: 		}
L_main15:
;Click_KnobG_PIC32.c, 127 :: 		}
L_main14:
;Click_KnobG_PIC32.c, 128 :: 		}
L_main11:
;Click_KnobG_PIC32.c, 129 :: 		}
L_main10:
;Click_KnobG_PIC32.c, 131 :: 		if (dir == 0)
0x9D000768	0x8022800F  LB	R2, Offset(_dir+0)(GP)
0x9D00076C	0x14400008  BNE	R2, R0, L_main16
0x9D000770	0x70000000  NOP	
L__main37:
;Click_KnobG_PIC32.c, 133 :: 		pos = 1;
0x9D000774	0x34020001  ORI	R2, R0, 1
0x9D000778	0xA022800D  SB	R2, Offset(_pos+0)(GP)
;Click_KnobG_PIC32.c, 134 :: 		TW_Wr(0x09 + pos, 0xFF);
0x9D00077C	0x341A00FF  ORI	R26, R0, 255
0x9D000780	0x0F4000A1  JAL	_TW_Wr+0
0x9D000784	0x3419000A  ORI	R25, R0, 10
;Click_KnobG_PIC32.c, 135 :: 		}
0x9D000788	0x0B400202  J	L_main17
0x9D00078C	0x70000000  NOP	
L_main16:
;Click_KnobG_PIC32.c, 136 :: 		else if (dir > 0)
0x9D000790	0x8022800F  LB	R2, Offset(_dir+0)(GP)
0x9D000794	0x28420001  SLTI	R2, R2, 1
0x9D000798	0x1440000D  BNE	R2, R0, L_main18
0x9D00079C	0x70000000  NOP	
L__main38:
;Click_KnobG_PIC32.c, 138 :: 		TW_Wr(0x09 + pos, 0xFF);
0x9D0007A0	0x8022800D  LB	R2, Offset(_pos+0)(GP)
0x9D0007A4	0x24420009  ADDIU	R2, R2, 9
0x9D0007A8	0x341A00FF  ORI	R26, R0, 255
0x9D0007AC	0x0F4000A1  JAL	_TW_Wr+0
0x9D0007B0	0x305900FF  ANDI	R25, R2, 255
;Click_KnobG_PIC32.c, 139 :: 		TW_Wr(0x09 + prevpos, 0x00);
0x9D0007B4	0x8022800C  LB	R2, Offset(_prevpos+0)(GP)
0x9D0007B8	0x24420009  ADDIU	R2, R2, 9
0x9D0007BC	0x0000D00A  MOVZ	R26, R0, R0
0x9D0007C0	0x0F4000A1  JAL	_TW_Wr+0
0x9D0007C4	0x305900FF  ANDI	R25, R2, 255
;Click_KnobG_PIC32.c, 140 :: 		}
0x9D0007C8	0x0B400202  J	L_main19
0x9D0007CC	0x70000000  NOP	
L_main18:
;Click_KnobG_PIC32.c, 141 :: 		else if (dir < 0)
0x9D0007D0	0x8022800F  LB	R2, Offset(_dir+0)(GP)
0x9D0007D4	0x28420000  SLTI	R2, R2, 0
0x9D0007D8	0x1040000B  BEQ	R2, R0, L_main20
0x9D0007DC	0x70000000  NOP	
L__main39:
;Click_KnobG_PIC32.c, 143 :: 		TW_Wr(0x09 + pos, 0xFF);
0x9D0007E0	0x8022800D  LB	R2, Offset(_pos+0)(GP)
0x9D0007E4	0x24420009  ADDIU	R2, R2, 9
0x9D0007E8	0x341A00FF  ORI	R26, R0, 255
0x9D0007EC	0x0F4000A1  JAL	_TW_Wr+0
0x9D0007F0	0x305900FF  ANDI	R25, R2, 255
;Click_KnobG_PIC32.c, 144 :: 		TW_Wr(0x09 + prevpos, 0x00);
0x9D0007F4	0x8022800C  LB	R2, Offset(_prevpos+0)(GP)
0x9D0007F8	0x24420009  ADDIU	R2, R2, 9
0x9D0007FC	0x0000D00A  MOVZ	R26, R0, R0
0x9D000800	0x0F4000A1  JAL	_TW_Wr+0
0x9D000804	0x305900FF  ANDI	R25, R2, 255
;Click_KnobG_PIC32.c, 145 :: 		}
L_main20:
L_main19:
L_main17:
;Click_KnobG_PIC32.c, 146 :: 		}
0x9D000808	0x0B40018A  J	L_main4
0x9D00080C	0x70000000  NOP	
;Click_KnobG_PIC32.c, 147 :: 		}
L_end_main:
L__main_end_loop:
0x9D000810	0x0B400204  J	L__main_end_loop
0x9D000814	0x70000000  NOP	
; end of _main
___FillZeros:
;__Lib_System.c, 161 :: 		
0x9D000504	0x27BDFFFC  ADDIU	SP, SP, -4
;__Lib_System.c, 163 :: 		
L___FillZeros0:
;__Lib_System.c, 164 :: 		
0x9D000508	0x12F60004  BEQ	R23, R22, L___FillZeros1
;__Lib_System.c, 165 :: 		
0x9D00050C	0x70000000  NOP	
;__Lib_System.c, 166 :: 		
L____FillZeros4:
;__Lib_System.c, 167 :: 		
0x9D000510	0xAEE00000  SW	R0, 0(R23)
;__Lib_System.c, 168 :: 		
0x9D000514	0x0B400142  J	L___FillZeros0
;__Lib_System.c, 169 :: 		
0x9D000518	0x26F70004  ADDIU	R23, R23, 4
;__Lib_System.c, 170 :: 		
L___FillZeros1:
;__Lib_System.c, 172 :: 		
L_end___FillZeros:
0x9D00051C	0x03E00008  JR	RA
0x9D000520	0x27BD0004  ADDIU	SP, SP, 4
; end of ___FillZeros
_MCU_Init:
;Click_KnobG_PIC32.c, 33 :: 		void MCU_Init()
0x9D00041C	0x27BDFFF8  ADDIU	SP, SP, -8
0x9D000420	0xAFBF0000  SW	RA, 0(SP)
;Click_KnobG_PIC32.c, 35 :: 		CHECON = 0x32;
0x9D000424	0xAFB90004  SW	R25, 4(SP)
0x9D000428	0x34020032  ORI	R2, R0, 50
0x9D00042C	0x3C1EBF88  LUI	R30, 49032
0x9D000430	0xAFC24000  SW	R2, 16384(R30)
;Click_KnobG_PIC32.c, 36 :: 		AD1PCFG      = 0xFFFFFFFF;
0x9D000434	0x3C02FFFF  LUI	R2, 65535
0x9D000438	0x3442FFFF  ORI	R2, R2, 65535
0x9D00043C	0x3C1EBF81  LUI	R30, 49025
0x9D000440	0xAFC29060  SW	R2, -28576(R30)
;Click_KnobG_PIC32.c, 37 :: 		JTAGEN_bit   = 0;
0x9D000444	0x3C1EBF81  LUI	R30, 49025
0x9D000448	0x83C2F200  LB	R2, -3584(R30)
0x9D00044C	0x7C0218C4  INS	R2, R0, 3, 1
0x9D000450	0x3C1EBF81  LUI	R30, 49025
0x9D000454	0xA3C2F200  SB	R2, -3584(R30)
;Click_KnobG_PIC32.c, 40 :: 		TRISD0_bit   = 0;
0x9D000458	0x34020001  ORI	R2, R0, 0x0001
0x9D00045C	0x3C1EBF88  LUI	R30, 49032
0x9D000460	0xA3C260C4  SB	R2, 24772(R30)
;Click_KnobG_PIC32.c, 41 :: 		TRISC1_bit   = 0;
0x9D000464	0x34020002  ORI	R2, R0, 0x0002
0x9D000468	0x3C1EBF88  LUI	R30, 49032
0x9D00046C	0xA3C26084  SB	R2, 24708(R30)
;Click_KnobG_PIC32.c, 42 :: 		TRISE8_bit   = 1;
0x9D000470	0x34020001  ORI	R2, R0, 0x0001
0x9D000474	0x3C1EBF88  LUI	R30, 49032
0x9D000478	0xA3C26109  SB	R2, 24841(R30)
;Click_KnobG_PIC32.c, 43 :: 		TRISB8_bit  = 1;
0x9D00047C	0x34020001  ORI	R2, R0, 0x0001
0x9D000480	0x3C1EBF88  LUI	R30, 49032
0x9D000484	0xA3C26049  SB	R2, 24649(R30)
;Click_KnobG_PIC32.c, 44 :: 		TRISC2_bit   = 1;
0x9D000488	0x34020004  ORI	R2, R0, 0x0004
0x9D00048C	0x3C1EBF88  LUI	R30, 49032
0x9D000490	0xA3C26088  SB	R2, 24712(R30)
;Click_KnobG_PIC32.c, 46 :: 		TRISD0_bit   = 0;
0x9D000494	0x34020001  ORI	R2, R0, 0x0001
0x9D000498	0x3C1EBF88  LUI	R30, 49032
0x9D00049C	0xA3C260C4  SB	R2, 24772(R30)
;Click_KnobG_PIC32.c, 47 :: 		TRISE3_bit   = 0;
0x9D0004A0	0x34020008  ORI	R2, R0, 0x0008
0x9D0004A4	0x3C1EBF88  LUI	R30, 49032
0x9D0004A8	0xA3C26104  SB	R2, 24836(R30)
;Click_KnobG_PIC32.c, 48 :: 		TRISB2_bit   = 0;
0x9D0004AC	0x34020004  ORI	R2, R0, 0x0004
0x9D0004B0	0x3C1EBF88  LUI	R30, 49032
0x9D0004B4	0xA3C26044  SB	R2, 24644(R30)
;Click_KnobG_PIC32.c, 49 :: 		TRISA10_bit  = 0;
0x9D0004B8	0x34020004  ORI	R2, R0, 0x0004
0x9D0004BC	0x3C1EBF88  LUI	R30, 49032
0x9D0004C0	0xA3C26005  SB	R2, 24581(R30)
;Click_KnobG_PIC32.c, 51 :: 		LATA10_bit   = 0;
0x9D0004C4	0x34020004  ORI	R2, R0, 0x0004
0x9D0004C8	0x3C1EBF88  LUI	R30, 49032
0x9D0004CC	0xA3C26025  SB	R2, 24613(R30)
;Click_KnobG_PIC32.c, 52 :: 		TRISD4_bit   = 0;
0x9D0004D0	0x34020010  ORI	R2, R0, 0x0010
0x9D0004D4	0x3C1EBF88  LUI	R30, 49032
0x9D0004D8	0xA3C260C4  SB	R2, 24772(R30)
;Click_KnobG_PIC32.c, 53 :: 		LATE3_bit    = 0;
0x9D0004DC	0x34020008  ORI	R2, R0, 0x0008
0x9D0004E0	0x3C1EBF88  LUI	R30, 49032
0x9D0004E4	0xA3C26124  SB	R2, 24868(R30)
;Click_KnobG_PIC32.c, 55 :: 		I2C2_Init(400000);
0x9D0004E8	0x3C190006  LUI	R25, 6
0x9D0004EC	0x0F4000E5  JAL	_I2C2_Init+0
0x9D0004F0	0x37391A80  ORI	R25, R25, 6784
;Click_KnobG_PIC32.c, 56 :: 		}
L_end_MCU_Init:
0x9D0004F4	0x8FB90004  LW	R25, 4(SP)
0x9D0004F8	0x8FBF0000  LW	RA, 0(SP)
0x9D0004FC	0x03E00008  JR	RA
0x9D000500	0x27BD0008  ADDIU	SP, SP, 8
; end of _MCU_Init
_I2C2_Init:
;__Lib_I2C_12345.c, 450 :: 		
0x9D000394	0x27BDFFF8  ADDIU	SP, SP, -8
0x9D000398	0xAFBF0000  SW	RA, 0(SP)
;__Lib_I2C_12345.c, 454 :: 		
0x9D00039C	0x0F400068  JAL	__Lib_I2C_12345_SetI2C2Ptrs+0
0x9D0003A0	0xAFB90004  SW	R25, 4(SP)
;__Lib_I2C_12345.c, 455 :: 		
0x9D0003A4	0x34028000  ORI	R2, R0, 32768
0x9D0003A8	0x3C1EBF80  LUI	R30, 49024
;__Lib_I2C_12345.c, 459 :: 		
0x9D0003AC	0x0F40001E  JAL	_Get_Fosc_kHz+0
0x9D0003B0	0xAFC25408  SW	R2, 21512(R30)
0x9D0003B4	0x340303E8  ORI	R3, R0, 1000
0x9D0003B8	0x00430019  MULTU	R2, R3
0x9D0003BC	0x00001012  MFLO	R2
; Fcy start address is: 12 (R3)
0x9D0003C0	0x0040180A  MOVZ	R3, R2, R0
;__Lib_I2C_12345.c, 460 :: 		
0x9D0003C4	0x00191040  SLL	R2, R25, 1
;__Lib_I2C_12345.c, 461 :: 		
0x9D0003C8	0x0062001B  DIVU	R3, R2
0x9D0003CC	0x00001012  MFLO	R2
; Fcy end address is: 12 (R3)
0x9D0003D0	0x2442FFFE  ADDIU	R2, R2, -2
; Fcy start address is: 8 (R2)
;__Lib_I2C_12345.c, 463 :: 		
0x9D0003D4	0x3C1EBF80  LUI	R30, 49024
0x9D0003D8	0xAFC25440  SW	R2, 21568(R30)
; Fcy end address is: 8 (R2)
;__Lib_I2C_12345.c, 464 :: 		
0x9D0003DC	0x3C1EBF80  LUI	R30, 49024
0x9D0003E0	0xAFC05410  SW	R0, 21520(R30)
;__Lib_I2C_12345.c, 465 :: 		
0x9D0003E4	0x0F400022  JAL	__Lib_I2C_12345_I2C2_Wait_For_Idle+0
0x9D0003E8	0x34190008  ORI	R25, R0, 8
;__Lib_I2C_12345.c, 466 :: 		
L_end_I2C2_Init:
0x9D0003EC	0x8FB90004  LW	R25, 4(SP)
0x9D0003F0	0x8FBF0000  LW	RA, 0(SP)
0x9D0003F4	0x03E00008  JR	RA
0x9D0003F8	0x27BD0008  ADDIU	SP, SP, 8
; end of _I2C2_Init
__Lib_I2C_12345_SetI2C2Ptrs:
;__Lib_I2C_12345.c, 441 :: 		
0x9D0001A0	0x27BDFFFC  ADDIU	SP, SP, -4
;__Lib_I2C_12345.c, 442 :: 		
0x9D0001A4	0x3C029D00  LUI	R2, hi_addr(_I2C2_Is_Idle+0)
0x9D0001A8	0x34420000  ORI	R2, R2, lo_addr(_I2C2_Is_Idle+0)
0x9D0001AC	0xAC228004  SW	R2, Offset(_I2C_Is_Idle_Ptr+0)(GP)
;__Lib_I2C_12345.c, 443 :: 		
0x9D0001B0	0x3C029D00  LUI	R2, hi_addr(_I2C2_Start+0)
0x9D0001B4	0x344200F0  ORI	R2, R2, lo_addr(_I2C2_Start+0)
0x9D0001B8	0xAC228008  SW	R2, Offset(_I2C_Start_Ptr+0)(GP)
;__Lib_I2C_12345.c, 444 :: 		
0x9D0001BC	0x3C02FFFF  LUI	R2, hi_addr(_I2C2_Restart+0)
0x9D0001C0	0x3442FFFF  ORI	R2, R2, lo_addr(_I2C2_Restart+0)
0x9D0001C4	0xAC228014  SW	R2, Offset(_I2C_Restart_Ptr+0)(GP)
;__Lib_I2C_12345.c, 445 :: 		
0x9D0001C8	0x3C02FFFF  LUI	R2, hi_addr(_I2C2_Read+0)
0x9D0001CC	0x3442FFFF  ORI	R2, R2, lo_addr(_I2C2_Read+0)
0x9D0001D0	0xAC22801C  SW	R2, Offset(_I2C_Read_Ptr+0)(GP)
;__Lib_I2C_12345.c, 446 :: 		
0x9D0001D4	0x3C029D00  LUI	R2, hi_addr(_I2C2_Write+0)
0x9D0001D8	0x344202D0  ORI	R2, R2, lo_addr(_I2C2_Write+0)
0x9D0001DC	0xAC228020  SW	R2, Offset(_I2C_Write_Ptr+0)(GP)
;__Lib_I2C_12345.c, 447 :: 		
0x9D0001E0	0x3C029D00  LUI	R2, hi_addr(_I2C2_Stop+0)
0x9D0001E4	0x344201F4  ORI	R2, R2, lo_addr(_I2C2_Stop+0)
0x9D0001E8	0xAC228018  SW	R2, Offset(_I2C_Stop_Ptr+0)(GP)
;__Lib_I2C_12345.c, 448 :: 		
L_end_SetI2C2Ptrs:
0x9D0001EC	0x03E00008  JR	RA
0x9D0001F0	0x27BD0004  ADDIU	SP, SP, 4
; end of __Lib_I2C_12345_SetI2C2Ptrs
_Get_Fosc_kHz:
;__Lib_Delays.c, 1 :: 		unsigned long Get_Fosc_kHz(){
;__Lib_Delays.c, 3 :: 		return Clock_kHz();
0x9D000078	0x3C020001  LUI	R2, 1
0x9D00007C	0x34423880  ORI	R2, R2, 14464
;__Lib_Delays.c, 4 :: 		}
L_end_Get_Fosc_kHz:
0x9D000080	0x03E00008  JR	RA
0x9D000084	0x70000000  NOP	
; end of _Get_Fosc_kHz
__Lib_I2C_12345_I2C2_Wait_For_Idle:
;__Lib_I2C_12345.c, 277 :: 		
0x9D000088	0x27BDFFFC  ADDIU	SP, SP, -4
0x9D00008C	0xAFBF0000  SW	RA, 0(SP)
;__Lib_I2C_12345.c, 279 :: 		
; timeout start address is: 16 (R4)
0x9D000090	0x8C248000  LW	R4, Offset(__Lib_I2C_12345__I2C2_TIMEOUT+0)(GP)
; timeout end address is: 16 (R4)
;__Lib_I2C_12345.c, 281 :: 		
L___Lib_I2C_12345_I2C2_Wait_For_Idle38:
; timeout start address is: 16 (R4)
0x9D000094	0x0F400000  JAL	_I2C2_Is_Idle+0
0x9D000098	0x70000000  NOP	
0x9D00009C	0x14400011  BNE	R2, R0, L___Lib_I2C_12345_I2C2_Wait_For_Idle39
0x9D0000A0	0x70000000  NOP	
L___Lib_I2C_12345_I2C2_Wait_For_Idle299:
;__Lib_I2C_12345.c, 282 :: 		
0x9D0000A4	0x8C228000  LW	R2, Offset(__Lib_I2C_12345__I2C2_TIMEOUT+0)(GP)
0x9D0000A8	0x1040000C  BEQ	R2, R0, L___Lib_I2C_12345_I2C2_Wait_For_Idle200
0x9D0000AC	0x70000000  NOP	
L___Lib_I2C_12345_I2C2_Wait_For_Idle301:
;__Lib_I2C_12345.c, 284 :: 		
0x9D0000B0	0x14800006  BNE	R4, R0, L___Lib_I2C_12345_I2C2_Wait_For_Idle41
0x9D0000B4	0x70000000  NOP	
L___Lib_I2C_12345_I2C2_Wait_For_Idle302:
; timeout end address is: 16 (R4)
;__Lib_I2C_12345.c, 286 :: 		
0x9D0000B8	0x8C3E8010  LW	R30, Offset(_I2C2_Timeout_Ptr+0)(GP)
0x9D0000BC	0x03C0F809  JALR	RA, R30
0x9D0000C0	0x70000000  NOP	
;__Lib_I2C_12345.c, 287 :: 		
0x9D0000C4	0x0B400039  J	L___Lib_I2C_12345_I2C2_Wait_For_Idle39
0x9D0000C8	0x70000000  NOP	
;__Lib_I2C_12345.c, 288 :: 		
L___Lib_I2C_12345_I2C2_Wait_For_Idle41:
;__Lib_I2C_12345.c, 289 :: 		
; timeout start address is: 16 (R4)
0x9D0000CC	0x2482FFFF  ADDIU	R2, R4, -1
; timeout end address is: 16 (R4)
; timeout start address is: 12 (R3)
0x9D0000D0	0x0040180A  MOVZ	R3, R2, R0
; timeout end address is: 12 (R3)
;__Lib_I2C_12345.c, 290 :: 		
0x9D0000D4	0x0B400037  J	L___Lib_I2C_12345_I2C2_Wait_For_Idle40
0x9D0000D8	0x0060200A  MOVZ	R4, R3, R0
L___Lib_I2C_12345_I2C2_Wait_For_Idle200:
;__Lib_I2C_12345.c, 282 :: 		
;__Lib_I2C_12345.c, 290 :: 		
L___Lib_I2C_12345_I2C2_Wait_For_Idle40:
;__Lib_I2C_12345.c, 291 :: 		
; timeout start address is: 16 (R4)
; timeout end address is: 16 (R4)
0x9D0000DC	0x0B400025  J	L___Lib_I2C_12345_I2C2_Wait_For_Idle38
0x9D0000E0	0x70000000  NOP	
L___Lib_I2C_12345_I2C2_Wait_For_Idle39:
;__Lib_I2C_12345.c, 292 :: 		
L_end_I2C2_Wait_For_Idle:
0x9D0000E4	0x8FBF0000  LW	RA, 0(SP)
0x9D0000E8	0x03E00008  JR	RA
0x9D0000EC	0x27BD0004  ADDIU	SP, SP, 4
; end of __Lib_I2C_12345_I2C2_Wait_For_Idle
_I2C2_Is_Idle:
;__Lib_I2C_12345.c, 269 :: 		
0x9D000000	0x27BDFFFC  ADDIU	SP, SP, -4
;__Lib_I2C_12345.c, 271 :: 		
0x9D000004	0x3C1EBF80  LUI	R30, 49024
0x9D000008	0x93C25400  LBU	R2, 21504(R30)
0x9D00000C	0x7C420000  EXT	R2, R2, 0, 1
0x9D000010	0x304300FF  ANDI	R3, R2, 255
0x9D000014	0x3C1EBF80  LUI	R30, 49024
0x9D000018	0x93C25400  LBU	R2, 21504(R30)
0x9D00001C	0x7C420080  EXT	R2, R2, 2, 1
0x9D000020	0x00621825  OR	R3, R3, R2
0x9D000024	0x3C1EBF80  LUI	R30, 49024
0x9D000028	0x93C25400  LBU	R2, 21504(R30)
0x9D00002C	0x7C4200C0  EXT	R2, R2, 3, 1
0x9D000030	0x00621825  OR	R3, R3, R2
0x9D000034	0x3C1EBF80  LUI	R30, 49024
0x9D000038	0x93C25400  LBU	R2, 21504(R30)
0x9D00003C	0x7C420100  EXT	R2, R2, 4, 1
0x9D000040	0x00621825  OR	R3, R3, R2
;__Lib_I2C_12345.c, 272 :: 		
0x9D000044	0x3C1EBF80  LUI	R30, 49024
0x9D000048	0x93C25400  LBU	R2, 21504(R30)
0x9D00004C	0x7C420040  EXT	R2, R2, 1, 1
0x9D000050	0x00621825  OR	R3, R3, R2
0x9D000054	0x3C1EBF80  LUI	R30, 49024
0x9D000058	0x93C25411  LBU	R2, 21521(R30)
0x9D00005C	0x7C420180  EXT	R2, R2, 6, 1
0x9D000060	0x00621025  OR	R2, R3, R2
; idle start address is: 12 (R3)
0x9D000064	0x304300FF  ANDI	R3, R2, 255
;__Lib_I2C_12345.c, 273 :: 		
0x9D000068	0x2C620001  SLTIU	R2, R3, 1
; idle end address is: 12 (R3)
0x9D00006C	0x304200FF  ANDI	R2, R2, 255
;__Lib_I2C_12345.c, 274 :: 		
L_end_I2C2_Is_Idle:
0x9D000070	0x03E00008  JR	RA
0x9D000074	0x27BD0004  ADDIU	SP, SP, 4
; end of _I2C2_Is_Idle
_Rst_Chip:
;Click_KnobG_PIC32.c, 67 :: 		void Rst_Chip()
0x9D000524	0x27BDFFF4  ADDIU	SP, SP, -12
0x9D000528	0xAFBF0000  SW	RA, 0(SP)
;Click_KnobG_PIC32.c, 69 :: 		RST = 0;
0x9D00052C	0xAFB90004  SW	R25, 4(SP)
0x9D000530	0xAFBA0008  SW	R26, 8(SP)
0x9D000534	0x34020002  ORI	R2, R0, 2
0x9D000538	0x3C1EBF88  LUI	R30, 49032
0x9D00053C	0xAFC260A4  SW	R2, 24740(R30)
;Click_KnobG_PIC32.c, 70 :: 		Delay_ms(10);
0x9D000540	0x3C180004  LUI	R24, 4
0x9D000544	0x371811AA  ORI	R24, R24, 4522
L_Rst_Chip0:
0x9D000548	0x2718FFFF  ADDIU	R24, R24, -1
0x9D00054C	0x1700FFFE  BNE	R24, R0, L_Rst_Chip0
0x9D000550	0x70000000  NOP	
;Click_KnobG_PIC32.c, 71 :: 		RST = 1;
0x9D000554	0x34020002  ORI	R2, R0, 2
0x9D000558	0x3C1EBF88  LUI	R30, 49032
0x9D00055C	0xAFC260A8  SW	R2, 24744(R30)
;Click_KnobG_PIC32.c, 72 :: 		i=0, pos = 0, prevpos, dir = 0, bkg = 0;
0x9D000560	0xA020800E  SB	R0, Offset(_i+0)(GP)
0x9D000564	0xA020800D  SB	R0, Offset(_pos+0)(GP)
0x9D000568	0xA020800F  SB	R0, Offset(_dir+0)(GP)
0x9D00056C	0xA0208027  SB	R0, Offset(_bkg+0)(GP)
;Click_KnobG_PIC32.c, 73 :: 		stateOldRotate = 1;
0x9D000570	0x90228026  LBU	R2, Offset(_stateOldRotate+0)(GP)
0x9D000574	0x34420001  ORI	R2, R2, 0x0001
0x9D000578	0xA0228026  SB	R2, Offset(_stateOldRotate+0)(GP)
;Click_KnobG_PIC32.c, 74 :: 		I2C2_Write(0x00);
0x9D00057C	0x0F4000B4  JAL	_I2C2_Write+0
0x9D000580	0x0000C80A  MOVZ	R25, R0, R0
;Click_KnobG_PIC32.c, 75 :: 		I2C2_Write(0x06);
0x9D000584	0x0F4000B4  JAL	_I2C2_Write+0
0x9D000588	0x34190006  ORI	R25, R0, 6
;Click_KnobG_PIC32.c, 76 :: 		Delay_ms(10);
0x9D00058C	0x3C180004  LUI	R24, 4
0x9D000590	0x371811AA  ORI	R24, R24, 4522
L_Rst_Chip2:
0x9D000594	0x2718FFFF  ADDIU	R24, R24, -1
0x9D000598	0x1700FFFE  BNE	R24, R0, L_Rst_Chip2
0x9D00059C	0x70000000  NOP	
;Click_KnobG_PIC32.c, 77 :: 		TW_Wr(0x40, 0xFF);
0x9D0005A0	0x341A00FF  ORI	R26, R0, 255
0x9D0005A4	0x0F4000A1  JAL	_TW_Wr+0
0x9D0005A8	0x34190040  ORI	R25, R0, 64
;Click_KnobG_PIC32.c, 78 :: 		}
L_end_Rst_Chip:
0x9D0005AC	0x8FBA0008  LW	R26, 8(SP)
0x9D0005B0	0x8FB90004  LW	R25, 4(SP)
0x9D0005B4	0x8FBF0000  LW	RA, 0(SP)
0x9D0005B8	0x03E00008  JR	RA
0x9D0005BC	0x27BD000C  ADDIU	SP, SP, 12
; end of _Rst_Chip
_I2C2_Write:
;__Lib_I2C_12345.c, 369 :: 		
0x9D0002D0	0x27BDFFF8  ADDIU	SP, SP, -8
0x9D0002D4	0xAFBF0000  SW	RA, 0(SP)
;__Lib_I2C_12345.c, 371 :: 		
0x9D0002D8	0xAFB90004  SW	R25, 4(SP)
; timeout start address is: 12 (R3)
0x9D0002DC	0x8C238000  LW	R3, Offset(__Lib_I2C_12345__I2C2_TIMEOUT+0)(GP)
;__Lib_I2C_12345.c, 373 :: 		
0x9D0002E0	0x332200FF  ANDI	R2, R25, 255
0x9D0002E4	0x3C1EBF80  LUI	R30, 49024
0x9D0002E8	0xAFC25450  SW	R2, 21584(R30)
;__Lib_I2C_12345.c, 375 :: 		
0x9D0002EC	0x3C1EBF80  LUI	R30, 49024
0x9D0002F0	0x93C25410  LBU	R2, 21520(R30)
0x9D0002F4	0x7C4201C0  EXT	R2, R2, 7, 1
0x9D0002F8	0x10400003  BEQ	R2, R0, L_I2C2_Write58
0x9D0002FC	0x70000000  NOP	
L__I2C2_Write327:
; timeout end address is: 12 (R3)
;__Lib_I2C_12345.c, 376 :: 		
0x9D000300	0x0B4000E1  J	L_end_I2C2_Write
0x9D000304	0x3402FFFF  ORI	R2, R0, 65535
L_I2C2_Write58:
;__Lib_I2C_12345.c, 378 :: 		
; timeout start address is: 12 (R3)
L_I2C2_Write60:
; timeout end address is: 12 (R3)
; timeout start address is: 12 (R3)
0x9D000308	0x3C1EBF80  LUI	R30, 49024
0x9D00030C	0x93C25410  LBU	R2, 21520(R30)
0x9D000310	0x7C420000  EXT	R2, R2, 0, 1
0x9D000314	0x10400011  BEQ	R2, R0, L_I2C2_Write61
0x9D000318	0x70000000  NOP	
L__I2C2_Write329:
;__Lib_I2C_12345.c, 379 :: 		
0x9D00031C	0x8C228000  LW	R2, Offset(__Lib_I2C_12345__I2C2_TIMEOUT+0)(GP)
0x9D000320	0x1040000C  BEQ	R2, R0, L__I2C2_Write207
0x9D000324	0x70000000  NOP	
L__I2C2_Write331:
;__Lib_I2C_12345.c, 381 :: 		
0x9D000328	0x14600007  BNE	R3, R0, L_I2C2_Write63
0x9D00032C	0x70000000  NOP	
L__I2C2_Write332:
; timeout end address is: 12 (R3)
;__Lib_I2C_12345.c, 383 :: 		
0x9D000330	0x34190004  ORI	R25, R0, 4
0x9D000334	0x8C3E8010  LW	R30, Offset(_I2C2_Timeout_Ptr+0)(GP)
0x9D000338	0x03C0F809  JALR	RA, R30
0x9D00033C	0x70000000  NOP	
;__Lib_I2C_12345.c, 384 :: 		
0x9D000340	0x0B4000D7  J	L_I2C2_Write61
0x9D000344	0x70000000  NOP	
;__Lib_I2C_12345.c, 385 :: 		
L_I2C2_Write63:
;__Lib_I2C_12345.c, 386 :: 		
; timeout start address is: 12 (R3)
0x9D000348	0x2462FFFF  ADDIU	R2, R3, -1
; timeout end address is: 12 (R3)
;__Lib_I2C_12345.c, 387 :: 		
0x9D00034C	0x0B4000D5  J	L_I2C2_Write62
0x9D000350	0x0040180A  MOVZ	R3, R2, R0
L__I2C2_Write207:
;__Lib_I2C_12345.c, 379 :: 		
;__Lib_I2C_12345.c, 387 :: 		
L_I2C2_Write62:
;__Lib_I2C_12345.c, 388 :: 		
; timeout start address is: 12 (R3)
; timeout end address is: 12 (R3)
0x9D000354	0x0B4000C2  J	L_I2C2_Write60
0x9D000358	0x70000000  NOP	
L_I2C2_Write61:
;__Lib_I2C_12345.c, 389 :: 		
0x9D00035C	0x0F400022  JAL	__Lib_I2C_12345_I2C2_Wait_For_Idle+0
0x9D000360	0x34190004  ORI	R25, R0, 4
;__Lib_I2C_12345.c, 391 :: 		
0x9D000364	0x3C1EBF80  LUI	R30, 49024
0x9D000368	0x93C25411  LBU	R2, 21521(R30)
0x9D00036C	0x7C4201C0  EXT	R2, R2, 7, 1
0x9D000370	0x10400003  BEQ	R2, R0, L_I2C2_Write64
0x9D000374	0x70000000  NOP	
L__I2C2_Write334:
;__Lib_I2C_12345.c, 392 :: 		
0x9D000378	0x0B4000E1  J	L_end_I2C2_Write
0x9D00037C	0x3402FFFE  ORI	R2, R0, 65534
L_I2C2_Write64:
;__Lib_I2C_12345.c, 394 :: 		
0x9D000380	0x0000100A  MOVZ	R2, R0, R0
;__Lib_I2C_12345.c, 396 :: 		
;__Lib_I2C_12345.c, 394 :: 		
;__Lib_I2C_12345.c, 396 :: 		
L_end_I2C2_Write:
0x9D000384	0x8FB90004  LW	R25, 4(SP)
0x9D000388	0x8FBF0000  LW	RA, 0(SP)
0x9D00038C	0x03E00008  JR	RA
0x9D000390	0x27BD0008  ADDIU	SP, SP, 8
; end of _I2C2_Write
_TW_Wr:
;Click_KnobG_PIC32.c, 58 :: 		void TW_Wr(unsigned short _cmdreg, unsigned short _data)
0x9D000284	0x27BDFFF4  ADDIU	SP, SP, -12
0x9D000288	0xAFBF0000  SW	RA, 0(SP)
;Click_KnobG_PIC32.c, 60 :: 		I2C2_Start();
0x9D00028C	0xAFB90004  SW	R25, 4(SP)
0x9D000290	0xA3BA0008  SB	R26, 8(SP)
0x9D000294	0x0F40003C  JAL	_I2C2_Start+0
0x9D000298	0xA3B90009  SB	R25, 9(SP)
;Click_KnobG_PIC32.c, 61 :: 		I2C2_Write(I2C_SLAVEADDR_W);
0x9D00029C	0x0F4000B4  JAL	_I2C2_Write+0
0x9D0002A0	0x341900E0  ORI	R25, R0, 224
;Click_KnobG_PIC32.c, 62 :: 		I2C2_Write(_cmdreg);
0x9D0002A4	0x0F4000B4  JAL	_I2C2_Write+0
0x9D0002A8	0x93B90009  LBU	R25, 9(SP)
0x9D0002AC	0x93BA0008  LBU	R26, 8(SP)
;Click_KnobG_PIC32.c, 63 :: 		I2C2_Write(_data);
0x9D0002B0	0x0F4000B4  JAL	_I2C2_Write+0
0x9D0002B4	0x335900FF  ANDI	R25, R26, 255
;Click_KnobG_PIC32.c, 64 :: 		I2C2_Stop();
0x9D0002B8	0x0F40007D  JAL	_I2C2_Stop+0
0x9D0002BC	0x70000000  NOP	
;Click_KnobG_PIC32.c, 65 :: 		}
L_end_TW_Wr:
0x9D0002C0	0x8FB90004  LW	R25, 4(SP)
0x9D0002C4	0x8FBF0000  LW	RA, 0(SP)
0x9D0002C8	0x03E00008  JR	RA
0x9D0002CC	0x27BD000C  ADDIU	SP, SP, 12
; end of _TW_Wr
_I2C2_Start:
;__Lib_I2C_12345.c, 295 :: 		
0x9D0000F0	0x27BDFFF4  ADDIU	SP, SP, -12
0x9D0000F4	0xAFBF0000  SW	RA, 0(SP)
;__Lib_I2C_12345.c, 297 :: 		
0x9D0000F8	0xAFB90004  SW	R25, 4(SP)
; timeout start address is: 12 (R3)
0x9D0000FC	0x8C238000  LW	R3, Offset(__Lib_I2C_12345__I2C2_TIMEOUT+0)(GP)
;__Lib_I2C_12345.c, 299 :: 		
0x9D000100	0xAFA30008  SW	R3, 8(SP)
0x9D000104	0x0F400022  JAL	__Lib_I2C_12345_I2C2_Wait_For_Idle+0
0x9D000108	0x34190005  ORI	R25, R0, 5
0x9D00010C	0x8FA30008  LW	R3, 8(SP)
;__Lib_I2C_12345.c, 301 :: 		
0x9D000110	0x34020001  ORI	R2, R0, 1
0x9D000114	0x3C1EBF80  LUI	R30, 49024
0x9D000118	0xAFC25408  SW	R2, 21512(R30)
;__Lib_I2C_12345.c, 304 :: 		
0x9D00011C	0x3C1EBF80  LUI	R30, 49024
0x9D000120	0x93C25411  LBU	R2, 21521(R30)
0x9D000124	0x7C420080  EXT	R2, R2, 2, 1
0x9D000128	0x10400003  BEQ	R2, R0, L_I2C2_Start42
0x9D00012C	0x70000000  NOP	
L__I2C2_Start305:
; timeout end address is: 12 (R3)
;__Lib_I2C_12345.c, 305 :: 		
0x9D000130	0x0B400064  J	L_end_I2C2_Start
0x9D000134	0x3402FFFF  ORI	R2, R0, 65535
;__Lib_I2C_12345.c, 306 :: 		
L_I2C2_Start42:
;__Lib_I2C_12345.c, 307 :: 		
; timeout start address is: 12 (R3)
L_I2C2_Start43:
; timeout end address is: 12 (R3)
; timeout start address is: 12 (R3)
0x9D000138	0x3C1EBF80  LUI	R30, 49024
0x9D00013C	0x93C25400  LBU	R2, 21504(R30)
0x9D000140	0x7C420000  EXT	R2, R2, 0, 1
0x9D000144	0x10400011  BEQ	R2, 1, L_I2C2_Start44
0x9D000148	0x70000000  NOP	
L__I2C2_Start307:
;__Lib_I2C_12345.c, 308 :: 		
0x9D00014C	0x8C228000  LW	R2, Offset(__Lib_I2C_12345__I2C2_TIMEOUT+0)(GP)
0x9D000150	0x1040000C  BEQ	R2, R0, L__I2C2_Start201
0x9D000154	0x70000000  NOP	
L__I2C2_Start309:
;__Lib_I2C_12345.c, 310 :: 		
0x9D000158	0x14600007  BNE	R3, R0, L_I2C2_Start46
0x9D00015C	0x70000000  NOP	
L__I2C2_Start310:
; timeout end address is: 12 (R3)
;__Lib_I2C_12345.c, 312 :: 		
0x9D000160	0x34190005  ORI	R25, R0, 5
0x9D000164	0x8C3E8010  LW	R30, Offset(_I2C2_Timeout_Ptr+0)(GP)
0x9D000168	0x03C0F809  JALR	RA, R30
0x9D00016C	0x70000000  NOP	
;__Lib_I2C_12345.c, 313 :: 		
0x9D000170	0x0B400063  J	L_I2C2_Start44
0x9D000174	0x70000000  NOP	
;__Lib_I2C_12345.c, 314 :: 		
L_I2C2_Start46:
;__Lib_I2C_12345.c, 315 :: 		
; timeout start address is: 12 (R3)
0x9D000178	0x2462FFFF  ADDIU	R2, R3, -1
; timeout end address is: 12 (R3)
;__Lib_I2C_12345.c, 316 :: 		
0x9D00017C	0x0B400061  J	L_I2C2_Start45
0x9D000180	0x0040180A  MOVZ	R3, R2, R0
L__I2C2_Start201:
;__Lib_I2C_12345.c, 308 :: 		
;__Lib_I2C_12345.c, 316 :: 		
L_I2C2_Start45:
;__Lib_I2C_12345.c, 317 :: 		
; timeout start address is: 12 (R3)
; timeout end address is: 12 (R3)
0x9D000184	0x0B40004E  J	L_I2C2_Start43
0x9D000188	0x70000000  NOP	
L_I2C2_Start44:
;__Lib_I2C_12345.c, 318 :: 		
0x9D00018C	0x0000100A  MOVZ	R2, R0, R0
;__Lib_I2C_12345.c, 319 :: 		
;__Lib_I2C_12345.c, 318 :: 		
;__Lib_I2C_12345.c, 319 :: 		
L_end_I2C2_Start:
0x9D000190	0x8FB90004  LW	R25, 4(SP)
0x9D000194	0x8FBF0000  LW	RA, 0(SP)
0x9D000198	0x03E00008  JR	RA
0x9D00019C	0x27BD000C  ADDIU	SP, SP, 12
; end of _I2C2_Start
_I2C2_Stop:
;__Lib_I2C_12345.c, 349 :: 		
0x9D0001F4	0x27BDFFF4  ADDIU	SP, SP, -12
0x9D0001F8	0xAFBF0000  SW	RA, 0(SP)
;__Lib_I2C_12345.c, 351 :: 		
0x9D0001FC	0xAFB90004  SW	R25, 4(SP)
; timeout start address is: 12 (R3)
0x9D000200	0x8C238000  LW	R3, Offset(__Lib_I2C_12345__I2C2_TIMEOUT+0)(GP)
;__Lib_I2C_12345.c, 353 :: 		
0x9D000204	0xAFA30008  SW	R3, 8(SP)
0x9D000208	0x0F400022  JAL	__Lib_I2C_12345_I2C2_Wait_For_Idle+0
0x9D00020C	0x34190007  ORI	R25, R0, 7
0x9D000210	0x8FA30008  LW	R3, 8(SP)
;__Lib_I2C_12345.c, 354 :: 		
0x9D000214	0x34020004  ORI	R2, R0, 4
0x9D000218	0x3C1EBF80  LUI	R30, 49024
0x9D00021C	0xAFC25408  SW	R2, 21512(R30)
; timeout end address is: 12 (R3)
;__Lib_I2C_12345.c, 356 :: 		
L_I2C2_Stop54:
; timeout start address is: 12 (R3)
0x9D000220	0x3C1EBF80  LUI	R30, 49024
0x9D000224	0x93C25400  LBU	R2, 21504(R30)
0x9D000228	0x7C420080  EXT	R2, R2, 2, 1
0x9D00022C	0x10400011  BEQ	R2, 1, L_I2C2_Stop55
0x9D000230	0x70000000  NOP	
L__I2C2_Stop321:
;__Lib_I2C_12345.c, 357 :: 		
0x9D000234	0x8C228000  LW	R2, Offset(__Lib_I2C_12345__I2C2_TIMEOUT+0)(GP)
0x9D000238	0x1040000C  BEQ	R2, R0, L__I2C2_Stop206
0x9D00023C	0x70000000  NOP	
L__I2C2_Stop323:
;__Lib_I2C_12345.c, 359 :: 		
0x9D000240	0x14600007  BNE	R3, R0, L_I2C2_Stop57
0x9D000244	0x70000000  NOP	
L__I2C2_Stop324:
; timeout end address is: 12 (R3)
;__Lib_I2C_12345.c, 361 :: 		
0x9D000248	0x34190007  ORI	R25, R0, 7
0x9D00024C	0x8C3E8010  LW	R30, Offset(_I2C2_Timeout_Ptr+0)(GP)
0x9D000250	0x03C0F809  JALR	RA, R30
0x9D000254	0x70000000  NOP	
;__Lib_I2C_12345.c, 362 :: 		
0x9D000258	0x0B40009D  J	L_I2C2_Stop55
0x9D00025C	0x70000000  NOP	
;__Lib_I2C_12345.c, 363 :: 		
L_I2C2_Stop57:
;__Lib_I2C_12345.c, 364 :: 		
; timeout start address is: 12 (R3)
0x9D000260	0x2462FFFF  ADDIU	R2, R3, -1
; timeout end address is: 12 (R3)
;__Lib_I2C_12345.c, 365 :: 		
0x9D000264	0x0B40009B  J	L_I2C2_Stop56
0x9D000268	0x0040180A  MOVZ	R3, R2, R0
L__I2C2_Stop206:
;__Lib_I2C_12345.c, 357 :: 		
;__Lib_I2C_12345.c, 365 :: 		
L_I2C2_Stop56:
;__Lib_I2C_12345.c, 366 :: 		
; timeout start address is: 12 (R3)
; timeout end address is: 12 (R3)
0x9D00026C	0x0B400088  J	L_I2C2_Stop54
0x9D000270	0x70000000  NOP	
L_I2C2_Stop55:
;__Lib_I2C_12345.c, 367 :: 		
L_end_I2C2_Stop:
0x9D000274	0x8FB90004  LW	R25, 4(SP)
0x9D000278	0x8FBF0000  LW	RA, 0(SP)
0x9D00027C	0x03E00008  JR	RA
0x9D000280	0x27BD000C  ADDIU	SP, SP, 12
; end of _I2C2_Stop
___CC2DW:
;__Lib_System.c, 4 :: 		
0x9D0003FC	0x27BDFFFC  ADDIU	SP, SP, -4
;__Lib_System.c, 6 :: 		
L_loopDW:
;__Lib_System.c, 7 :: 		
0x9D000400	0x831E0000  LB	R30, 0(R24)
;__Lib_System.c, 8 :: 		
0x9D000404	0xA2FE0000  SB	R30, 0(R23)
;__Lib_System.c, 9 :: 		
0x9D000408	0x26F70001  ADDIU	R23, R23, 1
;__Lib_System.c, 10 :: 		
0x9D00040C	0x16F6FFFC  BNE	R23, R22, L_loopDW
;__Lib_System.c, 11 :: 		
0x9D000410	0x27180001  ADDIU	R24, R24, 1
;__Lib_System.c, 13 :: 		
L_end___CC2DW:
0x9D000414	0x03E00008  JR	RA
0x9D000418	0x27BD0004  ADDIU	SP, SP, 4
; end of ___CC2DW
___BootStartUp:
;__Lib_System.c, 68 :: 		
0xBFC00000	0x27BDFFFC  ADDIU	SP, SP, -4
;__Lib_System.c, 72 :: 		
0xBFC00004	0x70000000  NOP	
;__Lib_System.c, 73 :: 		
0xBFC00008	0x70000000  NOP	
;__Lib_System.c, 74 :: 		
0xBFC0000C	0x70000000  NOP	
;__Lib_System.c, 75 :: 		
0xBFC00010	0x70000000  NOP	
;__Lib_System.c, 76 :: 		
0xBFC00014	0x70000000  NOP	
;__Lib_System.c, 77 :: 		
0xBFC00018	0x70000000  NOP	
;__Lib_System.c, 78 :: 		
0xBFC0001C	0x70000000  NOP	
;__Lib_System.c, 79 :: 		
0xBFC00020	0x70000000  NOP	
;__Lib_System.c, 80 :: 		
0xBFC00024	0x70000000  NOP	
;__Lib_System.c, 81 :: 		
0xBFC00028	0x70000000  NOP	
;__Lib_System.c, 82 :: 		
0xBFC0002C	0x70000000  NOP	
;__Lib_System.c, 83 :: 		
0xBFC00030	0x70000000  NOP	
;__Lib_System.c, 84 :: 		
0xBFC00034	0x70000000  NOP	
;__Lib_System.c, 85 :: 		
0xBFC00038	0x70000000  NOP	
;__Lib_System.c, 86 :: 		
0xBFC0003C	0x70000000  NOP	
;__Lib_System.c, 87 :: 		
0xBFC00040	0x70000000  NOP	
;__Lib_System.c, 88 :: 		
0xBFC00044	0x70000000  NOP	
;__Lib_System.c, 89 :: 		
0xBFC00048	0x70000000  NOP	
;__Lib_System.c, 90 :: 		
0xBFC0004C	0x70000000  NOP	
;__Lib_System.c, 91 :: 		
0xBFC00050	0x70000000  NOP	
;__Lib_System.c, 94 :: 		
0xBFC00054	0x3C1DA001  LUI	SP, 40961
0xBFC00058	0x37BDFFFC  ORI	SP, SP, 65532
;__Lib_System.c, 95 :: 		
0xBFC0005C	0x3C01A000  LUI	GP, 40960
0xBFC00060	0x34218000  ORI	GP, GP, 32768
;__Lib_System.c, 99 :: 		
0xBFC00064	0x401E6002  MFC0	R30, 12, 2
;__Lib_System.c, 100 :: 		
0xBFC00068	0x03C0E00A  MOVZ	R28, R30, R0
;__Lib_System.c, 101 :: 		
0xBFC0006C	0x7FDB1E80  EXT	R27, R30, 26, 4
;__Lib_System.c, 102 :: 		
0xBFC00070	0x7F7E4984  INS	R30, R27, 6, 4
;__Lib_System.c, 103 :: 		
0xBFC00074	0x409E6002  MTC0	R30, 12, 2
;__Lib_System.c, 104 :: 		
0xBFC00078	0x41C10800  WRPGPR	GP, GP
;__Lib_System.c, 105 :: 		
0xBFC0007C	0x409C6002  MTC0	R28, 12, 2
;__Lib_System.c, 111 :: 		
0xBFC00080	0x3C02A421  LUI	R2, 42017
0xBFC00084	0x34420583  ORI	R2, R2, 1411
0xBFC00088	0x0040F00A  MOVZ	R30, R2, R0
0xBFC0008C	0x409E8000  MTC0	R30, 16, 0
;__Lib_System.c, 114 :: 		
0xBFC00090	0x0000100A  MOVZ	R2, R0, R0
0xBFC00094	0x0040F00A  MOVZ	R30, R2, R0
0xBFC00098	0x409E4800  MTC0	R30, 9, 0
;__Lib_System.c, 117 :: 		
0xBFC0009C	0x3C02FFFF  LUI	R2, 65535
0xBFC000A0	0x3442FFFF  ORI	R2, R2, 65535
0xBFC000A4	0x0040F00A  MOVZ	R30, R2, R0
0xBFC000A8	0x409E5800  MTC0	R30, 11, 0
;__Lib_System.c, 119 :: 		
0xBFC000AC	0x3C029FC0  LUI	R2, 40896
0xBFC000B0	0x34421000  ORI	R2, R2, 4096
0xBFC000B4	0x0040F00A  MOVZ	R30, R2, R0
0xBFC000B8	0x409E7801  MTC0	R30, 15, 1
;__Lib_System.c, 121 :: 		
0xBFC000BC	0x34020020  ORI	R2, R0, 32
0xBFC000C0	0x0040F00A  MOVZ	R30, R2, R0
0xBFC000C4	0x409E6001  MTC0	R30, 12, 1
;__Lib_System.c, 123 :: 		
0xBFC000C8	0x3C020400  LUI	R2, 1024
0xBFC000CC	0x0040F00A  MOVZ	R30, R2, R0
0xBFC000D0	0x409E6002  MTC0	R30, 12, 2
;__Lib_System.c, 124 :: 		
0xBFC000D4	0x0000100A  MOVZ	R2, R0, R0
0xBFC000D8	0x0040F00A  MOVZ	R30, R2, R0
0xBFC000DC	0x409E6003  MTC0	R30, 12, 3
;__Lib_System.c, 129 :: 		
0xBFC000E0	0x3C020010  LUI	R2, 16
0xBFC000E4	0x0040F00A  MOVZ	R30, R2, R0
0xBFC000E8	0x409E6000  MTC0	R30, 12, 0
;__Lib_System.c, 132 :: 		
0xBFC000EC	0x34020032  ORI	R2, R0, 50
0xBFC000F0	0x3C1EBF88  LUI	R30, 49032
0xBFC000F4	0xAFC24000  SW	R2, 16384(R30)
;__Lib_System.c, 137 :: 		
0xBFC000F8	0x34021000  ORI	R2, R0, 4096
0xBFC000FC	0x3C1EBF88  LUI	R30, 49032
0xBFC00100	0xAFC21000  SW	R2, 4096(R30)
;__Lib_System.c, 143 :: 		
0xBFC00104	0x3C020080  LUI	R2, 128
0xBFC00108	0x0040F00A  MOVZ	R30, R2, R0
0xBFC0010C	0x409E6800  MTC0	R30, 13, 0
;__Lib_System.c, 149 :: 		
0xBFC00110	0x3C1E9D00  LUI	R30, hi_addr(_main+0)
;__Lib_System.c, 150 :: 		
0xBFC00114	0x37DE05F0  ORI	R30, R30, lo_addr(_main+0)
;__Lib_System.c, 152 :: 		
0xBFC00118	0x03C00008  JR	R30
;__Lib_System.c, 153 :: 		
0xBFC0011C	0x70000000  NOP	
;__Lib_System.c, 155 :: 		
L_end___BootStartUp:
0xBFC00120	0x03E00008  JR	RA
0xBFC00124	0x27BD0004  ADDIU	SP, SP, 4
; end of ___BootStartUp
___BootGenExcept:
;__Lib_System.c, 56 :: 		
0x9D0005D8	0x27BDFFFC  ADDIU	SP, SP, -4
;__Lib_System.c, 57 :: 		
L___BootGenExcept6:
;__Lib_System.c, 58 :: 		
0x9D0005DC	0x0B400177  J	L___BootGenExcept6
0x9D0005E0	0x70000000  NOP	
;__Lib_System.c, 59 :: 		
L_end___BootGenExcept:
0x9D0005E4	0x27BD0004  ADDIU	SP, SP, 4
0x9D0005E8	0x42000018  ERET	
0x9D0005EC	0x70000000  NOP	
; end of ___BootGenExcept
___GenExcept:
;__Lib_System.c, 61 :: 		
0x9D0005C0	0x27BDFFFC  ADDIU	SP, SP, -4
;__Lib_System.c, 62 :: 		
L___GenExcept8:
;__Lib_System.c, 63 :: 		
0x9D0005C4	0x0B400171  J	L___GenExcept8
0x9D0005C8	0x70000000  NOP	
;__Lib_System.c, 64 :: 		
L_end___GenExcept:
0x9D0005CC	0x27BD0004  ADDIU	SP, SP, 4
0x9D0005D0	0x42000018  ERET	
0x9D0005D4	0x70000000  NOP	
; end of ___GenExcept
0x9D00081C	0x03E0C80A  MOVZ	R25, RA, R0
0x9D000820	0x3C17A000  LUI	R23, 40960
0x9D000824	0x36F70000  ORI	R23, R23, 0
0x9D000828	0x3C16A000  LUI	R22, 40960
0x9D00082C	0x36D60004  ORI	R22, R22, 4
0x9D000830	0x3C189D00  LUI	R24, 40192
0x9D000834	0x37180818  ORI	R24, R24, 2072
0x9D000838	0x0F4000FF  JAL	___CC2DW
0x9D00083C	0x70000000  NOP	
0x9D000840	0x0320F80A  MOVZ	RA, R25, R0
0x9D000844	0x03E00008  JR	RA
0x9D000848	0x70000000  NOP	
0x9D0008A4	0x03E0C80A  MOVZ	R25, RA, R0
0x9D0008A8	0x3C17A000  LUI	R23, 40960
0x9D0008AC	0x36F70000  ORI	R23, R23, 0
0x9D0008B0	0x3C16A000  LUI	R22, 40960
0x9D0008B4	0x36D60028  ORI	R22, R22, 40
0x9D0008B8	0x0F400141  JAL	___FillZeros
0x9D0008BC	0x70000000  NOP	
0x9D0008C0	0x0320F80A  MOVZ	RA, R25, R0
0x9D0008C4	0x03E00008  JR	RA
0x9D0008C8	0x70000000  NOP	
;__Lib_I2C_12345.c,0 :: ?ICS__Lib_I2C_12345__I2C2_TIMEOUT [4]
0x9D000818	0x00000000 ;?ICS__Lib_I2C_12345__I2C2_TIMEOUT+0
; end of ?ICS__Lib_I2C_12345__I2C2_TIMEOUT
Symbol List:
//** Routines locations **
//ADDRESS    SIZE    PROCEDURE
//----------------------------------------------
0x9D000000     [120]    _I2C2_Is_Idle
0x9D000078      [16]    _Get_Fosc_kHz
0x9D000088     [104]    __Lib_I2C_12345_I2C2_Wait_For_Idle
0x9D0000F0     [176]    _I2C2_Start
0x9D0001A0      [84]    __Lib_I2C_12345_SetI2C2Ptrs
0x9D0001F4     [144]    _I2C2_Stop
0x9D000284      [76]    _TW_Wr
0x9D0002D0     [196]    _I2C2_Write
0x9D000394     [104]    _I2C2_Init
0x9D0003FC      [32]    ___CC2DW
0x9D00041C     [232]    _MCU_Init
0x9D000504      [32]    ___FillZeros
0x9D000524     [156]    _Rst_Chip
0x9D0005C0      [24]    ___GenExcept
0x9D0005D8      [24]    ___BootGenExcept
0x9D0005F0     [552]    _main
0xBFC00000     [296]    ___BootStartUp
//** Variables locations ** 
//ADDRESS    SIZE    VARIABLE
//----------------------------------------------
0xA0000000       [4]    __Lib_I2C_12345__I2C2_TIMEOUT
0xA0000004       [4]    _I2C_Is_Idle_Ptr
0xA0000008       [4]    _I2C_Start_Ptr
0xA000000C       [1]    _prevpos
0xA000000D       [1]    _pos
0xA000000E       [1]    _i
0xA000000F       [1]    _dir
0xA0000010       [4]    _I2C2_Timeout_Ptr
0xA0000014       [4]    _I2C_Restart_Ptr
0xA0000018       [4]    _I2C_Stop_Ptr
0xA000001C       [4]    _I2C_Read_Ptr
0xA0000020       [4]    _I2C_Write_Ptr
0xA0000024       [1]    _mode
0xA0000025       [1]    _val
0xA0000026       [0]    _startStatus
0xA0000026       [0]    _stateNewRotate
0xA0000026       [0]    _stateOldRotate
0xA0000027       [1]    _bkg
//** Constants locations ** 
//ADDRESS    SIZE    CONSTANT
//----------------------------------------------
0x9D000818       [4]    ?ICS__Lib_I2C_12345__I2C2_TIMEOUT
