0	1	mikroCARM.exe -MSF -DBG -pSTM32F107VC -RA -BIN -LHF -DL -SSA -O11111114 -fo72 -N"D:\Clicks_git\K\Knob_G_Click\SW\example\c\ARM\STM\Click_KnobG_STM.mcpar" -SP"C:\Users\Public\Documents\Mikroelektronika\mikroC PRO for ARM\Defs\" -SP"C:\Users\Public\Documents\Mikroelektronika\mikroC PRO for ARM\Uses\ST M3\" -SP"D:\Clicks_git\K\Knob_G_Click\SW\example\c\ARM\STM\" -SP"D:\Clicks_git\K\Knob_G_Click\SW\library\HAL\" -SP"D:\Clicks_git\K\Knob_G_Click\SW\library\" -SP"C:\Users\Public\Documents\Mikroelektronika\mikroC PRO for ARM\Packages\mikroBUS Board Definition API\Uses\" -SP"C:\Users\Public\Documents\Mikroelektronika\mikroC PRO for ARM\Packages\Knob G Click\Uses\" -IP"C:\Users\Public\Documents\Mikroelektronika\mikroC PRO for ARM\Uses\ST M3\" -IP"D:\Clicks_git\K\Knob_G_Click\SW\example\c\ARM\STM\" -IP"D:\Clicks_git\K\Knob_G_Click\SW\library\" -IP"D:\Clicks_git\K\Knob_G_Click\SW\library\HAL\" -IP"C:\Users\Public\Documents\Mikroelektronika\mikroC PRO for ARM\Packages\mikroBUS Board Definition API\Uses\" -IP"C:\Users\Public\Documents\Mikroelektronika\mikroC PRO for ARM\Packages\Knob G Click\Uses\" "Click_KnobG_STM.c" "__knobg_driver.c" "__Lib_Math.emcl" "__Lib_MathDouble.emcl" "__Lib_Delays.emcl" "__Lib_System_105_107.emcl" "__Lib_GPIO_32F10x_Defs.emcl" "__Lib_GPIO_32F10x.emcl" "__Lib_CString.emcl" "__Lib_Conversions.emcl" "__Lib_I2C_12.emcl" "__Lib_UART_123_45.emcl" "easymx_v7_STM32F107VC.emcl" "KnobG_STM32_M3.emcl" "Click_KnobG.pld"	 
diagnostics: 0	122	Compilation Started	STM32F107VC.c
diagnostics: 38838	123	Compiled Successfully	STM32F107VC.c
diagnostics: 0	122	Compilation Started	__Lib_Delays.c
diagnostics: 118	123	Compiled Successfully	__Lib_Delays.c
hint: 66	1164	Variable 'cycles_div_by_10' has been eliminated by optimizer	__Lib_Delays.c
hint: 87	1164	Variable 'NumberOfCyc' has been eliminated by optimizer	__Lib_Delays.c
hint: 104	1164	Variable 'NumberOfCyc' has been eliminated by optimizer	__Lib_Delays.c
diagnostics: 0	122	Compilation Started	__lib_gpio.h
diagnostics: 814	123	Compiled Successfully	__Lib_GPIO_32F10x_Defs.c
diagnostics: 0	122	Compilation Started	stdint.h
diagnostics: 349	123	Compiled Successfully	easymx_v7_STM32F107VC.c
diagnostics: 0	122	Compilation Started	stdint.h
diagnostics: 148	123	Compiled Successfully	Click_KnobG_STM.c
diagnostics: 0	122	Compilation Started	stdint.h
error: 21	393	'_KNOBG_REG_MODE_1' Identifier redefined	__knobg_driver.c
error: 22	393	'_KNOBG_REG_MODE_2' Identifier redefined	__knobg_driver.c
error: 23	393	'_KNOBG_REG_LED_OUTPUT_STATE_0' Identifier redefined	__knobg_driver.c
error: 24	393	'_KNOBG_REG_LED_OUTPUT_STATE_1' Identifier redefined	__knobg_driver.c
error: 25	393	'_KNOBG_REG_LED_OUTPUT_STATE_2' Identifier redefined	__knobg_driver.c
error: 26	393	'_KNOBG_REG_LED_OUTPUT_STATE_3' Identifier redefined	__knobg_driver.c
error: 27	393	'_KNOBG_REG_LED_OUTPUT_STATE_4' Identifier redefined	__knobg_driver.c
error: 28	393	'_KNOBG_REG_LED_OUTPUT_STATE_5' Identifier redefined	__knobg_driver.c
error: 29	393	'_KNOBG_REG_GROUP_DUTY_CYCLE_CONTROL' Identifier redefined	__knobg_driver.c
error: 30	393	'_KNOBG_REG_GROUP_FREQUENCY' Identifier redefined	__knobg_driver.c
error: 31	393	'_KNOBG_REG_BRIGHTNESS_CONTROL_LED_0' Identifier redefined	__knobg_driver.c
error: 31	312	Internal error ''	__knobg_driver.c
error: 0	102	Finished (with errors): 12 okt 2018, 16:01:14	Click_KnobG_STM.mcpar
